-----------

-- [intel/array_rtm] --
End 3 counter: 88857804
End 2 counter: 94092435
End 0 counter: 99152423
End 1 counter: 100000000
Counter value: 100000000 Expected: 100000000
 times: real 0:09.61, user 37.54, sys 0.00
End 1 counter: 87727678
End 3 counter: 88650094
End 0 counter: 99530547
End 2 counter: 100000000
Counter value: 100000000 Expected: 100000000
 times: real 0:06.75, user 26.29, sys 0.00
End 3 counter: 81640160
End 0 counter: 82947241
End 1 counter: 99422463
End 2 counter: 100000000
Counter value: 100000000 Expected: 100000000
 times: real 0:08.66, user 32.06, sys 0.00
End 1 counter: 96404675
End 0 counter: 97110716
End 3 counter: 99666009
End 2 counter: 100000000
Counter value: 100000000 Expected: 100000000
 times: real 0:06.58, user 26.23, sys 0.00
End 2 counter: 80886734
End 3 counter: 80898889
End 0 counter: 99972135
End 1 counter: 100000000
Counter value: 100000000 Expected: 100000000
 times: real 0:04.89, user 19.14, sys 0.00
---
