-----------

-- [array_spinlock] --
End 1 counter: 76302509
End 3 counter: 89577076
End 2 counter: 96578878
End 0 counter: 100000000
Counter value: 100000000 Expected: 100000000
 times: real 0:07.36, user 28.05, sys 0.00
End 1 counter: 70672410
End 0 counter: 73075692
End 2 counter: 89524416
End 3 counter: 100000000
Counter value: 100000000 Expected: 100000000
 times: real 0:07.13, user 26.75, sys 0.00
End 1 counter: 89240178
End 0 counter: 92168312
End 3 counter: 99265993
End 2 counter: 100000000
Counter value: 100000000 Expected: 100000000
 times: real 0:06.17, user 24.28, sys 0.00
End 0 counter: 70016770
End 1 counter: 71531807
End 2 counter: 88902004
End 3 counter: 100000000
Counter value: 100000000 Expected: 100000000
 times: real 0:07.06, user 26.40, sys 0.00
End 2 counter: 72068166
End 0 counter: 87263854
End 1 counter: 95206523
End 3 counter: 100000000
Counter value: 100000000 Expected: 100000000
 times: real 0:07.69, user 28.90, sys 0.00
---

-- [array_tinystm] --
End 1 counter: 99104535
End 0 counter: 99127971
End 3 counter: 99983626
End 2 counter: 100000000
Counter value: 100000000 Expected: 100000000
 times: real 0:03.45, user 13.76, sys 0.00
End 1 counter: 99468758
End 2 counter: 99562779
End 3 counter: 99995105
End 0 counter: 100000000
Counter value: 100000000 Expected: 100000000
 times: real 0:03.66, user 14.62, sys 0.00
End 3 counter: 97139758
End 1 counter: 97176352
End 2 counter: 99994610
End 0 counter: 100000000
Counter value: 100000000 Expected: 100000000
 times: real 0:03.45, user 13.66, sys 0.00
End 0 counter: 99442789
End 3 counter: 99929782
End 1 counter: 99962744
End 2 counter: 100000000
Counter value: 100000000 Expected: 100000000
 times: real 0:03.53, user 14.11, sys 0.00
End 1 counter: 99627918
End 2 counter: 99711376
End 0 counter: 99932748
End 3 counter: 100000000
Counter value: 100000000 Expected: 100000000
 times: real 0:03.67, user 14.67, sys 0.00
---

-- [array_transaction] --
End 3 counter: 85854671
End 0 counter: 86287713
End 1 counter: 100000000
End 2 counter: 100000000
Counter value: 100000000 Expected: 100000000
 times: real 0:01.01, user 3.42, sys 0.09
End 0 counter: 86078276
End 1 counter: 86136723
End 2 counter: 99930503
End 3 counter: 100000000
Counter value: 100000000 Expected: 100000000
 times: real 0:01.01, user 3.34, sys 0.15
End 0 counter: 98757785
End 3 counter: 99109999
End 2 counter: 99889539
End 1 counter: 100000000
Counter value: 100000000 Expected: 100000000
 times: real 0:00.73, user 2.83, sys 0.06
End 0 counter: 99510575
End 1 counter: 99973016
End 2 counter: 99975808
End 3 counter: 100000000
Counter value: 100000000 Expected: 100000000
 times: real 0:00.73, user 2.85, sys 0.04
End 1 counter: 86074032
End 2 counter: 86363016
End 3 counter: 99991946
End 0 counter: 100000000
Counter value: 100000000 Expected: 100000000
 times: real 0:01.02, user 3.38, sys 0.14
---

-- [intel/array_hle] --
End 0 counter: 90134627
End 1 counter: 91025870
End 2 counter: 99952707
End 3 counter: 100000000
Counter value: 100000000 Expected: 100000000
 times: real 0:01.76, user 6.77, sys 0.00
End 3 counter: 91438772
End 0 counter: 91565023
End 2 counter: 99997468
End 1 counter: 100000000
Counter value: 100000000 Expected: 100000000
 times: real 0:01.54, user 5.90, sys 0.00
End 3 counter: 89473831
End 2 counter: 90756790
End 1 counter: 99825856
End 0 counter: 100000000
Counter value: 100000000 Expected: 100000000
 times: real 0:01.59, user 6.04, sys 0.00
End 1 counter: 91623700
End 3 counter: 91685199
End 2 counter: 99935762
End 0 counter: 100000000
Counter value: 100000000 Expected: 100000000
 times: real 0:01.65, user 6.36, sys 0.00
End 0 counter: 99675941
End 1 counter: 99915089
End 3 counter: 99968060
End 2 counter: 100000000
Counter value: 100000000 Expected: 100000000
 times: real 0:01.01, user 4.02, sys 0.00
---

-- [intel/array_rtm] --
End 1 counter: 98397728
End 0 counter: 98407939
End 3 counter: 99971369
End 2 counter: 100000000
Counter value: 100000000 Expected: 100000000
 times: real 0:00.77, user 3.05, sys 0.00
End 1 counter: 93083115
End 0 counter: 93145361
End 3 counter: 99971968
End 2 counter: 100000000
Counter value: 100000000 Expected: 100000000
 times: real 0:00.76, user 2.86, sys 0.00
End 3 counter: 95868471
End 2 counter: 95997087
End 0 counter: 99930549
End 1 counter: 100000000
Counter value: 100000000 Expected: 100000000
 times: real 0:00.77, user 2.98, sys 0.00
End 3 counter: 91283185
End 2 counter: 91381122
End 1 counter: 99977280
End 0 counter: 100000000
Counter value: 100000000 Expected: 100000000
 times: real 0:00.77, user 2.82, sys 0.00
End 0 counter: 95674657
End 2 counter: 96678016
End 3 counter: 99983819
End 1 counter: 100000000
Counter value: 100000000 Expected: 100000000
 times: real 0:00.79, user 3.06, sys 0.00
---
