-----------

-- [rw_spinlock] --
End 2 counter: 2543828
End 1 counter: 6450274
End 0 counter: 9989720
End 3 counter: 10000000
Counter value: 10000000 Expected: 10000000
 times: real 0:04.09, user 12.76, sys 0.00
End 0 counter: 6379976
End 1 counter: 6515751
End 3 counter: 8347073
End 2 counter: 10000000
Counter value: 10000000 Expected: 10000000
 times: real 0:06.66, user 24.58, sys 0.00
End 2 counter: 4196718
End 0 counter: 7158936
End 1 counter: 9982435
End 3 counter: 10000000
Counter value: 10000000 Expected: 10000000
 times: real 0:05.04, user 17.38, sys 0.00
End 3 counter: 7545282
End 1 counter: 7586123
End 0 counter: 9458138
End 2 counter: 10000000
Counter value: 10000000 Expected: 10000000
 times: real 0:07.54, user 28.18, sys 0.00
End 1 counter: 6588973
End 2 counter: 6591591
End 3 counter: 9978443
End 0 counter: 10000000
Counter value: 10000000 Expected: 10000000
 times: real 0:04.89, user 18.07, sys 0.00
---

-- [rw_tinystm] --
End 0 counter: 7906480
End 2 counter: 8224537
End 1 counter: 9999615
End 3 counter: 10000000
Counter value: 10000000 Expected: 10000000
 times: real 0:01.60, user 5.77, sys 0.00
End 2 counter: 9691776
End 1 counter: 9908746
End 3 counter: 9994931
End 0 counter: 10000000
Counter value: 10000000 Expected: 10000000
 times: real 0:01.56, user 6.19, sys 0.00
End 0 counter: 8129010
End 2 counter: 8149218
End 3 counter: 9998640
End 1 counter: 10000000
Counter value: 10000000 Expected: 10000000
 times: real 0:01.61, user 5.83, sys 0.00
End 3 counter: 7829933
End 0 counter: 8054081
End 2 counter: 9995057
End 1 counter: 10000000
Counter value: 10000000 Expected: 10000000
 times: real 0:01.61, user 5.76, sys 0.00
End 3 counter: 7887344
End 2 counter: 8086156
End 0 counter: 9992495
End 1 counter: 10000000
Counter value: 10000000 Expected: 10000000
 times: real 0:01.59, user 5.68, sys 0.00
---

-- [rw_transaction] --
End 1 counter: 8700704
End 2 counter: 8883062
End 3 counter: 9995709
End 0 counter: 10000000
Counter value: 10000000 Expected: 10000000
 times: real 0:02.31, user 6.30, sys 1.90
End 0 counter: 9525186
End 1 counter: 9860616
End 3 counter: 9883416
End 2 counter: 10000000
Counter value: 10000000 Expected: 10000000
 times: real 0:01.91, user 5.80, sys 1.22
End 0 counter: 9239839
End 3 counter: 9566257
End 2 counter: 9934000
End 1 counter: 10000000
Counter value: 10000000 Expected: 10000000
 times: real 0:02.08, user 6.04, sys 1.53
End 0 counter: 8604421
End 1 counter: 8605001
End 3 counter: 9982475
End 2 counter: 10000000
Counter value: 10000000 Expected: 10000000
 times: real 0:02.29, user 6.34, sys 1.71
End 2 counter: 9002211
End 1 counter: 9161562
End 0 counter: 9906404
End 3 counter: 10000000
Counter value: 10000000 Expected: 10000000
 times: real 0:02.36, user 6.41, sys 2.03
---

-- [intel/rw_hle] --
End 3 counter: 8881754
End 0 counter: 9508593
End 1 counter: 9971628
End 2 counter: 10000000
Counter value: 10000000 Expected: 10000000
 times: real 0:09.02, user 35.33, sys 0.00
End 2 counter: 7863345
End 3 counter: 8641385
End 0 counter: 9940591
End 1 counter: 10000000
Counter value: 10000000 Expected: 10000000
 times: real 0:06.83, user 26.31, sys 0.00
End 2 counter: 9373591
End 0 counter: 9806088
End 3 counter: 9969097
End 1 counter: 10000000
Counter value: 10000000 Expected: 10000000
 times: real 0:08.64, user 34.17, sys 0.00
End 0 counter: 9208108
End 3 counter: 9239047
End 1 counter: 9888413
End 2 counter: 10000000
Counter value: 10000000 Expected: 10000000
 times: real 0:07.81, user 30.74, sys 0.00
End 1 counter: 8707237
End 3 counter: 8763578
End 2 counter: 9930248
End 0 counter: 10000000
Counter value: 10000000 Expected: 10000000
 times: real 0:07.06, user 27.62, sys 0.00
---

-- [intel/rw_rtm] --
End 1 counter: 8578018
End 0 counter: 8902611
End 2 counter: 9998380
End 3 counter: 10000000
Counter value: 10000000 Expected: 10000000
 times: real 0:01.17, user 4.29, sys 0.00
End 1 counter: 8652812
End 3 counter: 8867893
End 0 counter: 9995989
End 2 counter: 10000000
Counter value: 10000000 Expected: 10000000
 times: real 0:01.22, user 4.48, sys 0.00
End 1 counter: 9847072
End 2 counter: 9965157
End 3 counter: 9984176
End 0 counter: 10000000
Counter value: 10000000 Expected: 10000000
 times: real 0:01.21, user 4.82, sys 0.00
End 2 counter: 8799641
End 3 counter: 8862989
End 1 counter: 9978692
End 0 counter: 10000000
Counter value: 10000000 Expected: 10000000
 times: real 0:01.21, user 4.46, sys 0.00
End 3 counter: 8626166
End 2 counter: 8792328
End 1 counter: 9987945
End 0 counter: 10000000
Counter value: 10000000 Expected: 10000000
 times: real 0:01.22, user 4.43, sys 0.00
---
