-----------

-- [array_mutex] --
End 3 counter: 99348321
End 2 counter: 99632157
End 0 counter: 99713260
End 1 counter: 100000000
Counter value: 100000000 Expected: 100000000
 times: real 0:19.07, user 15.39, sys 54.38
End 3 counter: 96787802
End 1 counter: 97536055
End 0 counter: 98648066
End 2 counter: 100000000
Counter value: 100000000 Expected: 100000000
 times: real 0:16.63, user 13.25, sys 47.49
End 2 counter: 86858058
End 3 counter: 89213043
End 0 counter: 99745574
End 1 counter: 100000000
Counter value: 100000000 Expected: 100000000
 times: real 0:15.63, user 12.53, sys 43.62
End 0 counter: 99349795
End 1 counter: 99443446
End 2 counter: 99708487
End 3 counter: 100000000
Counter value: 100000000 Expected: 100000000
 times: real 0:18.72, user 15.09, sys 53.45
End 0 counter: 93192487
End 3 counter: 95879614
End 2 counter: 98597542
End 1 counter: 100000000
Counter value: 100000000 Expected: 100000000
 times: real 0:17.78, user 14.03, sys 50.49
---
