-----------

-- [array_mutex] --
End 2 counter: 98878278
End 1 counter: 98909533
End 0 counter: 99647168
End 3 counter: 100000000
Counter value: 100000000 Expected: 100000000
 times: real 0:08.93, user 8.56, sys 23.08
End 2 counter: 99518988
End 3 counter: 99704634
End 1 counter: 99774691
End 0 counter: 100000000
Counter value: 100000000 Expected: 100000000
 times: real 0:14.78, user 12.96, sys 39.74
End 0 counter: 99558817
End 1 counter: 99826992
End 2 counter: 99879648
End 3 counter: 100000000
Counter value: 100000000 Expected: 100000000
 times: real 0:14.85, user 12.64, sys 40.36
End 2 counter: 98808908
End 1 counter: 99428652
End 3 counter: 99892416
End 0 counter: 100000000
Counter value: 100000000 Expected: 100000000
 times: real 0:32.79, user 21.76, sys 96.60
End 2 counter: 99117935
End 1 counter: 99478298
End 0 counter: 99686239
End 3 counter: 100000000
Counter value: 100000000 Expected: 100000000
 times: real 0:14.42, user 13.16, sys 38.19
---
