processor	: 0
vendor_id	: GenuineIntel
cpu family	: 6
model		: 15
model name	: Intel(R) Core(TM)2 Quad CPU    Q6600  @ 2.40GHz
stepping	: 11
microcode	: 0xb6
cpu MHz		: 1603.000
cache size	: 4096 KB
physical id	: 0
siblings	: 4
core id		: 0
cpu cores	: 4
apicid		: 0
initial apicid	: 0
fpu		: yes
fpu_exception	: yes
cpuid level	: 10
wp		: yes
flags		: fpu vme de pse tsc msr pae mce cx8 apic sep mtrr pge mca cmov pat pse36 clflush dts acpi mmx fxsr sse sse2 ss ht tm pbe syscall nx lm constant_tsc arch_perfmon pebs bts rep_good nopl aperfmperf pni dtes64 monitor ds_cpl vmx est tm2 ssse3 cx16 xtpr pdcm lahf_lm dtherm tpr_shadow vnmi flexpriority
bogomips	: 4799.82
clflush size	: 64
cache_alignment	: 64
address sizes	: 36 bits physical, 48 bits virtual
power management:

processor	: 1
vendor_id	: GenuineIntel
cpu family	: 6
model		: 15
model name	: Intel(R) Core(TM)2 Quad CPU    Q6600  @ 2.40GHz
stepping	: 11
microcode	: 0xb6
cpu MHz		: 1603.000
cache size	: 4096 KB
physical id	: 0
siblings	: 4
core id		: 1
cpu cores	: 4
apicid		: 1
initial apicid	: 1
fpu		: yes
fpu_exception	: yes
cpuid level	: 10
wp		: yes
flags		: fpu vme de pse tsc msr pae mce cx8 apic sep mtrr pge mca cmov pat pse36 clflush dts acpi mmx fxsr sse sse2 ss ht tm pbe syscall nx lm constant_tsc arch_perfmon pebs bts rep_good nopl aperfmperf pni dtes64 monitor ds_cpl vmx est tm2 ssse3 cx16 xtpr pdcm lahf_lm dtherm tpr_shadow vnmi flexpriority
bogomips	: 4799.82
clflush size	: 64
cache_alignment	: 64
address sizes	: 36 bits physical, 48 bits virtual
power management:

processor	: 2
vendor_id	: GenuineIntel
cpu family	: 6
model		: 15
model name	: Intel(R) Core(TM)2 Quad CPU    Q6600  @ 2.40GHz
stepping	: 11
microcode	: 0xb6
cpu MHz		: 1603.000
cache size	: 4096 KB
physical id	: 0
siblings	: 4
core id		: 2
cpu cores	: 4
apicid		: 2
initial apicid	: 2
fpu		: yes
fpu_exception	: yes
cpuid level	: 10
wp		: yes
flags		: fpu vme de pse tsc msr pae mce cx8 apic sep mtrr pge mca cmov pat pse36 clflush dts acpi mmx fxsr sse sse2 ss ht tm pbe syscall nx lm constant_tsc arch_perfmon pebs bts rep_good nopl aperfmperf pni dtes64 monitor ds_cpl vmx est tm2 ssse3 cx16 xtpr pdcm lahf_lm dtherm tpr_shadow vnmi flexpriority
bogomips	: 4799.82
clflush size	: 64
cache_alignment	: 64
address sizes	: 36 bits physical, 48 bits virtual
power management:

processor	: 3
vendor_id	: GenuineIntel
cpu family	: 6
model		: 15
model name	: Intel(R) Core(TM)2 Quad CPU    Q6600  @ 2.40GHz
stepping	: 11
microcode	: 0xb6
cpu MHz		: 1603.000
cache size	: 4096 KB
physical id	: 0
siblings	: 4
core id		: 3
cpu cores	: 4
apicid		: 3
initial apicid	: 3
fpu		: yes
fpu_exception	: yes
cpuid level	: 10
wp		: yes
flags		: fpu vme de pse tsc msr pae mce cx8 apic sep mtrr pge mca cmov pat pse36 clflush dts acpi mmx fxsr sse sse2 ss ht tm pbe syscall nx lm constant_tsc arch_perfmon pebs bts rep_good nopl aperfmperf pni dtes64 monitor ds_cpl vmx est tm2 ssse3 cx16 xtpr pdcm lahf_lm dtherm tpr_shadow vnmi flexpriority
bogomips	: 4799.82
clflush size	: 64
cache_alignment	: 64
address sizes	: 36 bits physical, 48 bits virtual
power management:

-----------

-- [../counter] --
End 1 counter: 5725099
End 0 counter: 5735258
Counter value: 5735258 Expected: 10000000
 times: real 0:00.03, user 0.07, sys 0.00
End 1 counter: 5684934
End 0 counter: 5788201
Counter value: 5788201 Expected: 10000000
 times: real 0:00.03, user 0.06, sys 0.00
End 1 counter: 5383217
End 0 counter: 5998675
Counter value: 5998675 Expected: 10000000
 times: real 0:00.03, user 0.07, sys 0.00
End 0 counter: 5576759
End 1 counter: 5906679
Counter value: 5906679 Expected: 10000000
 times: real 0:00.03, user 0.07, sys 0.00
---

-- [counter_ultimate] --
End 2 counter: 9963575
End 1 counter: 9979899
End 0 counter: 9992376
End 3 counter: 10000000
Counter value: 10000000 Expected: 10000000
 times: real 0:00.53, user 2.12, sys 0.00
End 0 counter: 9927018
End 1 counter: 9930003
End 2 counter: 9971692
End 3 counter: 10000000
Counter value: 10000000 Expected: 10000000
 times: real 0:00.53, user 2.11, sys 0.00
End 1 counter: 9907612
End 0 counter: 9909011
End 2 counter: 9963526
End 3 counter: 10000000
Counter value: 10000000 Expected: 10000000
 times: real 0:00.53, user 2.10, sys 0.00
End 0 counter: 9940105
End 2 counter: 9978728
End 1 counter: 9987961
End 3 counter: 10000000
Counter value: 10000000 Expected: 10000000
 times: real 0:00.53, user 2.12, sys 0.00
---

-- [counter_swap] --
End 1 counter: 9959369
End 0 counter: 9960198
End 3 counter: 9981480
End 2 counter: 10000000
Counter value: 10000000 Expected: 10000000
 times: real 0:02.75, user 10.97, sys 0.00
End 1 counter: 9957055
End 0 counter: 9960358
End 2 counter: 9990874
End 3 counter: 10000000
Counter value: 10000000 Expected: 10000000
 times: real 0:02.64, user 10.54, sys 0.00
End 1 counter: 9987755
End 3 counter: 9987753
End 0 counter: 9991684
End 2 counter: 10000000
Counter value: 10000000 Expected: 10000000
 times: real 0:02.84, user 11.36, sys 0.00
End 2 counter: 9989542
End 3 counter: 9994319
End 0 counter: 9999125
End 1 counter: 10000000
Counter value: 10000000 Expected: 10000000
 times: real 0:02.80, user 11.18, sys 0.00
---

-- [counter_get_and_add] --
End 0 counter: 9996111
End 1 counter: 9996763
End 2 counter: 9998797
End 3 counter: 10000000
Counter value: 10000000 Expected: 10000000
 times: real 0:02.16, user 8.66, sys 0.00
End 0 counter: 9987810
End 1 counter: 9988025
End 2 counter: 9999919
End 3 counter: 10000000
Counter value: 10000000 Expected: 10000000
 times: real 0:02.17, user 8.65, sys 0.00
End 0 counter: 9998286
End 1 counter: 9999009
End 2 counter: 9999505
End 3 counter: 10000000
Counter value: 10000000 Expected: 10000000
 times: real 0:02.17, user 8.68, sys 0.00
End 0 counter: 9997199
End 1 counter: 9997908
End 2 counter: 9998448
End 3 counter: 10000000
Counter value: 10000000 Expected: 10000000
 times: real 0:02.36, user 9.43, sys 0.00
---

-- [counter_test_and_set] --
End 1 counter: 9984584
End 0 counter: 9989544
End 2 counter: 9998747
End 3 counter: 10000000
Counter value: 10000000 Expected: 10000000
 times: real 0:04.07, user 16.29, sys 0.00
End 1 counter: 9891995
End 0 counter: 9929940
End 2 counter: 9963434
End 3 counter: 10000000
Counter value: 10000000 Expected: 10000000
 times: real 0:03.72, user 14.84, sys 0.00
End 1 counter: 9990083
End 0 counter: 9996176
End 3 counter: 9999392
End 2 counter: 10000000
Counter value: 10000000 Expected: 10000000
 times: real 0:04.08, user 16.32, sys 0.00
End 0 counter: 9879808
End 2 counter: 9932491
End 1 counter: 9980600
End 3 counter: 10000000
Counter value: 10000000 Expected: 10000000
 times: real 0:04.03, user 16.10, sys 0.00
---

-- [counter_get_and_set] --
End 3 counter: 9973365
End 2 counter: 9986065
End 0 counter: 9996326
End 1 counter: 10000000
Counter value: 10000000 Expected: 10000000
 times: real 0:04.08, user 16.32, sys 0.00
End 0 counter: 9855163
End 2 counter: 9903452
End 3 counter: 9958137
End 1 counter: 10000000
Counter value: 10000000 Expected: 10000000
 times: real 0:03.96, user 15.81, sys 0.00
End 1 counter: 9985426
End 0 counter: 9990922
End 2 counter: 9993266
End 3 counter: 10000000
Counter value: 10000000 Expected: 10000000
 times: real 0:03.55, user 14.20, sys 0.00
End 0 counter: 9890703
End 1 counter: 9926962
End 3 counter: 9988247
End 2 counter: 10000000
Counter value: 10000000 Expected: 10000000
 times: real 0:03.74, user 14.93, sys 0.00
---

-- [counter_compare_and_swap] --
End 3 counter: 9989768
End 2 counter: 9995095
End 0 counter: 9996491
End 1 counter: 10000000
Counter value: 10000000 Expected: 10000000
 times: real 0:04.30, user 17.18, sys 0.00
End 1 counter: 9981209
End 0 counter: 9984621
End 3 counter: 9997486
End 2 counter: 10000000
Counter value: 10000000 Expected: 10000000
 times: real 0:04.21, user 16.83, sys 0.00
End 1 counter: 9959370
End 0 counter: 9974490
End 3 counter: 9999245
End 2 counter: 10000000
Counter value: 10000000 Expected: 10000000
 times: real 0:04.30, user 17.20, sys 0.00
End 1 counter: 9989278
End 0 counter: 9994680
End 2 counter: 9996693
End 3 counter: 10000000
Counter value: 10000000 Expected: 10000000
 times: real 0:04.31, user 17.23, sys 0.00
---
