processor	: 0
model name	: ARMv7 Processor rev 5 (v7l)
BogoMIPS	: 38.40
Features	: half thumb fastmult vfp edsp neon vfpv3 tls vfpv4 idiva idivt vfpd32 lpae evtstrm 
CPU implementer	: 0x41
CPU architecture: 7
CPU variant	: 0x0
CPU part	: 0xc07
CPU revision	: 5

processor	: 1
model name	: ARMv7 Processor rev 5 (v7l)
BogoMIPS	: 38.40
Features	: half thumb fastmult vfp edsp neon vfpv3 tls vfpv4 idiva idivt vfpd32 lpae evtstrm 
CPU implementer	: 0x41
CPU architecture: 7
CPU variant	: 0x0
CPU part	: 0xc07
CPU revision	: 5

processor	: 2
model name	: ARMv7 Processor rev 5 (v7l)
BogoMIPS	: 38.40
Features	: half thumb fastmult vfp edsp neon vfpv3 tls vfpv4 idiva idivt vfpd32 lpae evtstrm 
CPU implementer	: 0x41
CPU architecture: 7
CPU variant	: 0x0
CPU part	: 0xc07
CPU revision	: 5

processor	: 3
model name	: ARMv7 Processor rev 5 (v7l)
BogoMIPS	: 38.40
Features	: half thumb fastmult vfp edsp neon vfpv3 tls vfpv4 idiva idivt vfpd32 lpae evtstrm 
CPU implementer	: 0x41
CPU architecture: 7
CPU variant	: 0x0
CPU part	: 0xc07
CPU revision	: 5

Hardware	: BCM2709
Revision	: a01041
Serial		: 0000000053dc17a8
-----------

-- [ticket_lock] --
End 0 counter: 9996546
End 3 counter: 9998022
End 1 counter: 9998621
End 2 counter: 10000000
Counter value: 10000000 Expected: 10000000
 times: real 0:01.83, user 7.32, sys 0.00
End 0 counter: 9995157
End 1 counter: 9996759
End 2 counter: 9998582
End 3 counter: 10000000
Counter value: 10000000 Expected: 10000000
 times: real 0:01.83, user 7.32, sys 0.00
End 1 counter: 9997746
End 2 counter: 9998368
End 3 counter: 9999225
End 0 counter: 10000000
Counter value: 10000000 Expected: 10000000
 times: real 0:01.83, user 7.31, sys 0.00
End 0 counter: 9997344
End 2 counter: 9998039
End 3 counter: 9998591
End 1 counter: 10000000
Counter value: 10000000 Expected: 10000000
 times: real 0:01.83, user 7.33, sys 0.00
---

-- [array_lock] --
End 1 counter: 9997309
End 2 counter: 9998119
End 3 counter: 9998753
End 0 counter: 10000000
Counter value: 10000000 Expected: 10000000
 times: real 0:01.57, user 6.28, sys 0.00
End 0 counter: 9995384
End 1 counter: 9996854
End 2 counter: 9997705
End 3 counter: 10000000
Counter value: 10000000 Expected: 10000000
 times: real 0:01.54, user 6.16, sys 0.00
End 1 counter: 9997269
End 2 counter: 9998070
End 3 counter: 9998983
End 0 counter: 10000000
Counter value: 10000000 Expected: 10000000
 times: real 0:01.52, user 6.07, sys 0.00
End 0 counter: 9995355
End 1 counter: 9997042
End 2 counter: 9998154
End 3 counter: 10000000
Counter value: 10000000 Expected: 10000000
 times: real 0:01.55, user 6.12, sys 0.00
---

-- [mcs_spinlock] --
End 1 counter: 9998002
End 2 counter: 9998800
End 3 counter: 9999668
End 0 counter: 10000000
Counter value: 10000000 Expected: 10000000
 times: real 0:01.49, user 5.95, sys 0.00
End 0 counter: 9997318
End 1 counter: 9998238
End 2 counter: 9999766
End 3 counter: 10000000
Counter value: 10000000 Expected: 10000000
 times: real 0:01.49, user 5.94, sys 0.00
End 1 counter: 9997528
End 2 counter: 9997860
End 0 counter: 9999553
End 3 counter: 10000000
Counter value: 10000000 Expected: 10000000
 times: real 0:01.48, user 5.91, sys 0.00
End 0 counter: 9993268
End 1 counter: 9993939
End 2 counter: 9995878
End 3 counter: 10000000
Counter value: 10000000 Expected: 10000000
 times: real 0:01.48, user 5.90, sys 0.00
---

-- [clh_spinlock] --
End 0 counter: 9991126
End 1 counter: 9990878
End 2 counter: 9995160
End 3 counter: 10000000
Counter value: 10000000 Expected: 10000000
 times: real 0:01.54, user 6.15, sys 0.00
End 1 counter: 9992142
End 2 counter: 9994313
End 3 counter: 9996727
End 0 counter: 10000000
Counter value: 10000000 Expected: 10000000
 times: real 0:01.52, user 6.08, sys 0.00
End 2 counter: 9994858
End 3 counter: 9995510
End 0 counter: 9996192
End 1 counter: 10000000
Counter value: 10000000 Expected: 10000000
 times: real 0:01.51, user 6.03, sys 0.00
End 0 counter: 9988548
End 1 counter: 9988722
End 2 counter: 9997169
End 3 counter: 10000000
Counter value: 10000000 Expected: 10000000
 times: real 0:01.50, user 5.98, sys 0.00
---
