processor	: 0
vendor_id	: GenuineIntel
cpu family	: 6
model		: 44
model name	: Intel(R) Xeon(R) CPU           E5630  @ 2.53GHz
stepping	: 2
microcode	: 0xc
cpu MHz		: 2526.838
cache size	: 12288 KB
physical id	: 1
siblings	: 8
core id		: 0
cpu cores	: 4
apicid		: 32
initial apicid	: 32
fpu		: yes
fpu_exception	: yes
cpuid level	: 11
wp		: yes
flags		: fpu vme de pse tsc msr pae mce cx8 apic sep mtrr pge mca cmov pat pse36 clflush dts acpi mmx fxsr sse sse2 ss ht tm pbe syscall nx pdpe1gb rdtscp lm constant_tsc arch_perfmon pebs bts rep_good nopl xtopology nonstop_tsc aperfmperf pni pclmulqdq dtes64 monitor ds_cpl vmx smx est tm2 ssse3 cx16 xtpr pdcm pcid dca sse4_1 sse4_2 popcnt aes lahf_lm ida arat dtherm tpr_shadow vnmi flexpriority ept vpid
bogomips	: 5053.67
clflush size	: 64
cache_alignment	: 64
address sizes	: 40 bits physical, 48 bits virtual
power management:

processor	: 1
vendor_id	: GenuineIntel
cpu family	: 6
model		: 44
model name	: Intel(R) Xeon(R) CPU           E5630  @ 2.53GHz
stepping	: 2
microcode	: 0xc
cpu MHz		: 2526.838
cache size	: 12288 KB
physical id	: 0
siblings	: 8
core id		: 0
cpu cores	: 4
apicid		: 0
initial apicid	: 0
fpu		: yes
fpu_exception	: yes
cpuid level	: 11
wp		: yes
flags		: fpu vme de pse tsc msr pae mce cx8 apic sep mtrr pge mca cmov pat pse36 clflush dts acpi mmx fxsr sse sse2 ss ht tm pbe syscall nx pdpe1gb rdtscp lm constant_tsc arch_perfmon pebs bts rep_good nopl xtopology nonstop_tsc aperfmperf pni pclmulqdq dtes64 monitor ds_cpl vmx smx est tm2 ssse3 cx16 xtpr pdcm pcid dca sse4_1 sse4_2 popcnt aes lahf_lm ida arat dtherm tpr_shadow vnmi flexpriority ept vpid
bogomips	: 5054.00
clflush size	: 64
cache_alignment	: 64
address sizes	: 40 bits physical, 48 bits virtual
power management:

processor	: 2
vendor_id	: GenuineIntel
cpu family	: 6
model		: 44
model name	: Intel(R) Xeon(R) CPU           E5630  @ 2.53GHz
stepping	: 2
microcode	: 0xc
cpu MHz		: 2526.838
cache size	: 12288 KB
physical id	: 1
siblings	: 8
core id		: 1
cpu cores	: 4
apicid		: 34
initial apicid	: 34
fpu		: yes
fpu_exception	: yes
cpuid level	: 11
wp		: yes
flags		: fpu vme de pse tsc msr pae mce cx8 apic sep mtrr pge mca cmov pat pse36 clflush dts acpi mmx fxsr sse sse2 ss ht tm pbe syscall nx pdpe1gb rdtscp lm constant_tsc arch_perfmon pebs bts rep_good nopl xtopology nonstop_tsc aperfmperf pni pclmulqdq dtes64 monitor ds_cpl vmx smx est tm2 ssse3 cx16 xtpr pdcm pcid dca sse4_1 sse4_2 popcnt aes lahf_lm ida arat dtherm tpr_shadow vnmi flexpriority ept vpid
bogomips	: 5053.67
clflush size	: 64
cache_alignment	: 64
address sizes	: 40 bits physical, 48 bits virtual
power management:

processor	: 3
vendor_id	: GenuineIntel
cpu family	: 6
model		: 44
model name	: Intel(R) Xeon(R) CPU           E5630  @ 2.53GHz
stepping	: 2
microcode	: 0xc
cpu MHz		: 2526.838
cache size	: 12288 KB
physical id	: 0
siblings	: 8
core id		: 1
cpu cores	: 4
apicid		: 2
initial apicid	: 2
fpu		: yes
fpu_exception	: yes
cpuid level	: 11
wp		: yes
flags		: fpu vme de pse tsc msr pae mce cx8 apic sep mtrr pge mca cmov pat pse36 clflush dts acpi mmx fxsr sse sse2 ss ht tm pbe syscall nx pdpe1gb rdtscp lm constant_tsc arch_perfmon pebs bts rep_good nopl xtopology nonstop_tsc aperfmperf pni pclmulqdq dtes64 monitor ds_cpl vmx smx est tm2 ssse3 cx16 xtpr pdcm pcid dca sse4_1 sse4_2 popcnt aes lahf_lm ida arat dtherm tpr_shadow vnmi flexpriority ept vpid
bogomips	: 5054.00
clflush size	: 64
cache_alignment	: 64
address sizes	: 40 bits physical, 48 bits virtual
power management:

processor	: 4
vendor_id	: GenuineIntel
cpu family	: 6
model		: 44
model name	: Intel(R) Xeon(R) CPU           E5630  @ 2.53GHz
stepping	: 2
microcode	: 0xc
cpu MHz		: 2526.838
cache size	: 12288 KB
physical id	: 1
siblings	: 8
core id		: 9
cpu cores	: 4
apicid		: 50
initial apicid	: 50
fpu		: yes
fpu_exception	: yes
cpuid level	: 11
wp		: yes
flags		: fpu vme de pse tsc msr pae mce cx8 apic sep mtrr pge mca cmov pat pse36 clflush dts acpi mmx fxsr sse sse2 ss ht tm pbe syscall nx pdpe1gb rdtscp lm constant_tsc arch_perfmon pebs bts rep_good nopl xtopology nonstop_tsc aperfmperf pni pclmulqdq dtes64 monitor ds_cpl vmx smx est tm2 ssse3 cx16 xtpr pdcm pcid dca sse4_1 sse4_2 popcnt aes lahf_lm ida arat dtherm tpr_shadow vnmi flexpriority ept vpid
bogomips	: 5053.67
clflush size	: 64
cache_alignment	: 64
address sizes	: 40 bits physical, 48 bits virtual
power management:

processor	: 5
vendor_id	: GenuineIntel
cpu family	: 6
model		: 44
model name	: Intel(R) Xeon(R) CPU           E5630  @ 2.53GHz
stepping	: 2
microcode	: 0xc
cpu MHz		: 2526.838
cache size	: 12288 KB
physical id	: 0
siblings	: 8
core id		: 9
cpu cores	: 4
apicid		: 18
initial apicid	: 18
fpu		: yes
fpu_exception	: yes
cpuid level	: 11
wp		: yes
flags		: fpu vme de pse tsc msr pae mce cx8 apic sep mtrr pge mca cmov pat pse36 clflush dts acpi mmx fxsr sse sse2 ss ht tm pbe syscall nx pdpe1gb rdtscp lm constant_tsc arch_perfmon pebs bts rep_good nopl xtopology nonstop_tsc aperfmperf pni pclmulqdq dtes64 monitor ds_cpl vmx smx est tm2 ssse3 cx16 xtpr pdcm pcid dca sse4_1 sse4_2 popcnt aes lahf_lm ida arat dtherm tpr_shadow vnmi flexpriority ept vpid
bogomips	: 5054.00
clflush size	: 64
cache_alignment	: 64
address sizes	: 40 bits physical, 48 bits virtual
power management:

processor	: 6
vendor_id	: GenuineIntel
cpu family	: 6
model		: 44
model name	: Intel(R) Xeon(R) CPU           E5630  @ 2.53GHz
stepping	: 2
microcode	: 0xc
cpu MHz		: 2526.838
cache size	: 12288 KB
physical id	: 1
siblings	: 8
core id		: 10
cpu cores	: 4
apicid		: 52
initial apicid	: 52
fpu		: yes
fpu_exception	: yes
cpuid level	: 11
wp		: yes
flags		: fpu vme de pse tsc msr pae mce cx8 apic sep mtrr pge mca cmov pat pse36 clflush dts acpi mmx fxsr sse sse2 ss ht tm pbe syscall nx pdpe1gb rdtscp lm constant_tsc arch_perfmon pebs bts rep_good nopl xtopology nonstop_tsc aperfmperf pni pclmulqdq dtes64 monitor ds_cpl vmx smx est tm2 ssse3 cx16 xtpr pdcm pcid dca sse4_1 sse4_2 popcnt aes lahf_lm ida arat dtherm tpr_shadow vnmi flexpriority ept vpid
bogomips	: 5053.67
clflush size	: 64
cache_alignment	: 64
address sizes	: 40 bits physical, 48 bits virtual
power management:

processor	: 7
vendor_id	: GenuineIntel
cpu family	: 6
model		: 44
model name	: Intel(R) Xeon(R) CPU           E5630  @ 2.53GHz
stepping	: 2
microcode	: 0xc
cpu MHz		: 2526.838
cache size	: 12288 KB
physical id	: 0
siblings	: 8
core id		: 10
cpu cores	: 4
apicid		: 20
initial apicid	: 20
fpu		: yes
fpu_exception	: yes
cpuid level	: 11
wp		: yes
flags		: fpu vme de pse tsc msr pae mce cx8 apic sep mtrr pge mca cmov pat pse36 clflush dts acpi mmx fxsr sse sse2 ss ht tm pbe syscall nx pdpe1gb rdtscp lm constant_tsc arch_perfmon pebs bts rep_good nopl xtopology nonstop_tsc aperfmperf pni pclmulqdq dtes64 monitor ds_cpl vmx smx est tm2 ssse3 cx16 xtpr pdcm pcid dca sse4_1 sse4_2 popcnt aes lahf_lm ida arat dtherm tpr_shadow vnmi flexpriority ept vpid
bogomips	: 5054.00
clflush size	: 64
cache_alignment	: 64
address sizes	: 40 bits physical, 48 bits virtual
power management:

processor	: 8
vendor_id	: GenuineIntel
cpu family	: 6
model		: 44
model name	: Intel(R) Xeon(R) CPU           E5630  @ 2.53GHz
stepping	: 2
microcode	: 0xc
cpu MHz		: 2526.838
cache size	: 12288 KB
physical id	: 1
siblings	: 8
core id		: 0
cpu cores	: 4
apicid		: 33
initial apicid	: 33
fpu		: yes
fpu_exception	: yes
cpuid level	: 11
wp		: yes
flags		: fpu vme de pse tsc msr pae mce cx8 apic sep mtrr pge mca cmov pat pse36 clflush dts acpi mmx fxsr sse sse2 ss ht tm pbe syscall nx pdpe1gb rdtscp lm constant_tsc arch_perfmon pebs bts rep_good nopl xtopology nonstop_tsc aperfmperf pni pclmulqdq dtes64 monitor ds_cpl vmx smx est tm2 ssse3 cx16 xtpr pdcm pcid dca sse4_1 sse4_2 popcnt aes lahf_lm ida arat dtherm tpr_shadow vnmi flexpriority ept vpid
bogomips	: 5053.67
clflush size	: 64
cache_alignment	: 64
address sizes	: 40 bits physical, 48 bits virtual
power management:

processor	: 9
vendor_id	: GenuineIntel
cpu family	: 6
model		: 44
model name	: Intel(R) Xeon(R) CPU           E5630  @ 2.53GHz
stepping	: 2
microcode	: 0xc
cpu MHz		: 2526.838
cache size	: 12288 KB
physical id	: 0
siblings	: 8
core id		: 0
cpu cores	: 4
apicid		: 1
initial apicid	: 1
fpu		: yes
fpu_exception	: yes
cpuid level	: 11
wp		: yes
flags		: fpu vme de pse tsc msr pae mce cx8 apic sep mtrr pge mca cmov pat pse36 clflush dts acpi mmx fxsr sse sse2 ss ht tm pbe syscall nx pdpe1gb rdtscp lm constant_tsc arch_perfmon pebs bts rep_good nopl xtopology nonstop_tsc aperfmperf pni pclmulqdq dtes64 monitor ds_cpl vmx smx est tm2 ssse3 cx16 xtpr pdcm pcid dca sse4_1 sse4_2 popcnt aes lahf_lm ida arat dtherm tpr_shadow vnmi flexpriority ept vpid
bogomips	: 5054.00
clflush size	: 64
cache_alignment	: 64
address sizes	: 40 bits physical, 48 bits virtual
power management:

processor	: 10
vendor_id	: GenuineIntel
cpu family	: 6
model		: 44
model name	: Intel(R) Xeon(R) CPU           E5630  @ 2.53GHz
stepping	: 2
microcode	: 0xc
cpu MHz		: 2526.838
cache size	: 12288 KB
physical id	: 1
siblings	: 8
core id		: 1
cpu cores	: 4
apicid		: 35
initial apicid	: 35
fpu		: yes
fpu_exception	: yes
cpuid level	: 11
wp		: yes
flags		: fpu vme de pse tsc msr pae mce cx8 apic sep mtrr pge mca cmov pat pse36 clflush dts acpi mmx fxsr sse sse2 ss ht tm pbe syscall nx pdpe1gb rdtscp lm constant_tsc arch_perfmon pebs bts rep_good nopl xtopology nonstop_tsc aperfmperf pni pclmulqdq dtes64 monitor ds_cpl vmx smx est tm2 ssse3 cx16 xtpr pdcm pcid dca sse4_1 sse4_2 popcnt aes lahf_lm ida arat dtherm tpr_shadow vnmi flexpriority ept vpid
bogomips	: 5053.67
clflush size	: 64
cache_alignment	: 64
address sizes	: 40 bits physical, 48 bits virtual
power management:

processor	: 11
vendor_id	: GenuineIntel
cpu family	: 6
model		: 44
model name	: Intel(R) Xeon(R) CPU           E5630  @ 2.53GHz
stepping	: 2
microcode	: 0xc
cpu MHz		: 2526.838
cache size	: 12288 KB
physical id	: 0
siblings	: 8
core id		: 1
cpu cores	: 4
apicid		: 3
initial apicid	: 3
fpu		: yes
fpu_exception	: yes
cpuid level	: 11
wp		: yes
flags		: fpu vme de pse tsc msr pae mce cx8 apic sep mtrr pge mca cmov pat pse36 clflush dts acpi mmx fxsr sse sse2 ss ht tm pbe syscall nx pdpe1gb rdtscp lm constant_tsc arch_perfmon pebs bts rep_good nopl xtopology nonstop_tsc aperfmperf pni pclmulqdq dtes64 monitor ds_cpl vmx smx est tm2 ssse3 cx16 xtpr pdcm pcid dca sse4_1 sse4_2 popcnt aes lahf_lm ida arat dtherm tpr_shadow vnmi flexpriority ept vpid
bogomips	: 5054.00
clflush size	: 64
cache_alignment	: 64
address sizes	: 40 bits physical, 48 bits virtual
power management:

processor	: 12
vendor_id	: GenuineIntel
cpu family	: 6
model		: 44
model name	: Intel(R) Xeon(R) CPU           E5630  @ 2.53GHz
stepping	: 2
microcode	: 0xc
cpu MHz		: 2526.838
cache size	: 12288 KB
physical id	: 1
siblings	: 8
core id		: 9
cpu cores	: 4
apicid		: 51
initial apicid	: 51
fpu		: yes
fpu_exception	: yes
cpuid level	: 11
wp		: yes
flags		: fpu vme de pse tsc msr pae mce cx8 apic sep mtrr pge mca cmov pat pse36 clflush dts acpi mmx fxsr sse sse2 ss ht tm pbe syscall nx pdpe1gb rdtscp lm constant_tsc arch_perfmon pebs bts rep_good nopl xtopology nonstop_tsc aperfmperf pni pclmulqdq dtes64 monitor ds_cpl vmx smx est tm2 ssse3 cx16 xtpr pdcm pcid dca sse4_1 sse4_2 popcnt aes lahf_lm ida arat dtherm tpr_shadow vnmi flexpriority ept vpid
bogomips	: 5053.67
clflush size	: 64
cache_alignment	: 64
address sizes	: 40 bits physical, 48 bits virtual
power management:

processor	: 13
vendor_id	: GenuineIntel
cpu family	: 6
model		: 44
model name	: Intel(R) Xeon(R) CPU           E5630  @ 2.53GHz
stepping	: 2
microcode	: 0xc
cpu MHz		: 2526.838
cache size	: 12288 KB
physical id	: 0
siblings	: 8
core id		: 9
cpu cores	: 4
apicid		: 19
initial apicid	: 19
fpu		: yes
fpu_exception	: yes
cpuid level	: 11
wp		: yes
flags		: fpu vme de pse tsc msr pae mce cx8 apic sep mtrr pge mca cmov pat pse36 clflush dts acpi mmx fxsr sse sse2 ss ht tm pbe syscall nx pdpe1gb rdtscp lm constant_tsc arch_perfmon pebs bts rep_good nopl xtopology nonstop_tsc aperfmperf pni pclmulqdq dtes64 monitor ds_cpl vmx smx est tm2 ssse3 cx16 xtpr pdcm pcid dca sse4_1 sse4_2 popcnt aes lahf_lm ida arat dtherm tpr_shadow vnmi flexpriority ept vpid
bogomips	: 5054.00
clflush size	: 64
cache_alignment	: 64
address sizes	: 40 bits physical, 48 bits virtual
power management:

processor	: 14
vendor_id	: GenuineIntel
cpu family	: 6
model		: 44
model name	: Intel(R) Xeon(R) CPU           E5630  @ 2.53GHz
stepping	: 2
microcode	: 0xc
cpu MHz		: 2526.838
cache size	: 12288 KB
physical id	: 1
siblings	: 8
core id		: 10
cpu cores	: 4
apicid		: 53
initial apicid	: 53
fpu		: yes
fpu_exception	: yes
cpuid level	: 11
wp		: yes
flags		: fpu vme de pse tsc msr pae mce cx8 apic sep mtrr pge mca cmov pat pse36 clflush dts acpi mmx fxsr sse sse2 ss ht tm pbe syscall nx pdpe1gb rdtscp lm constant_tsc arch_perfmon pebs bts rep_good nopl xtopology nonstop_tsc aperfmperf pni pclmulqdq dtes64 monitor ds_cpl vmx smx est tm2 ssse3 cx16 xtpr pdcm pcid dca sse4_1 sse4_2 popcnt aes lahf_lm ida arat dtherm tpr_shadow vnmi flexpriority ept vpid
bogomips	: 5053.67
clflush size	: 64
cache_alignment	: 64
address sizes	: 40 bits physical, 48 bits virtual
power management:

processor	: 15
vendor_id	: GenuineIntel
cpu family	: 6
model		: 44
model name	: Intel(R) Xeon(R) CPU           E5630  @ 2.53GHz
stepping	: 2
microcode	: 0xc
cpu MHz		: 2526.838
cache size	: 12288 KB
physical id	: 0
siblings	: 8
core id		: 10
cpu cores	: 4
apicid		: 21
initial apicid	: 21
fpu		: yes
fpu_exception	: yes
cpuid level	: 11
wp		: yes
flags		: fpu vme de pse tsc msr pae mce cx8 apic sep mtrr pge mca cmov pat pse36 clflush dts acpi mmx fxsr sse sse2 ss ht tm pbe syscall nx pdpe1gb rdtscp lm constant_tsc arch_perfmon pebs bts rep_good nopl xtopology nonstop_tsc aperfmperf pni pclmulqdq dtes64 monitor ds_cpl vmx smx est tm2 ssse3 cx16 xtpr pdcm pcid dca sse4_1 sse4_2 popcnt aes lahf_lm ida arat dtherm tpr_shadow vnmi flexpriority ept vpid
bogomips	: 5054.00
clflush size	: 64
cache_alignment	: 64
address sizes	: 40 bits physical, 48 bits virtual
power management:

-----------

-- [ticket_lock] --
End 1 counter: 9674627
End 2 counter: 9683224
End 0 counter: 9963628
End 3 counter: 10000000
Counter value: 10000000 Expected: 10000000
 times: real 0:02.78, user 11.06, sys 0.00
End 1 counter: 9944189
End 3 counter: 9944840
End 2 counter: 9945575
End 0 counter: 10000000
Counter value: 10000000 Expected: 10000000
 times: real 0:01.76, user 7.03, sys 0.00
End 1 counter: 9598508
End 0 counter: 9606120
End 3 counter: 9912885
End 2 counter: 10000000
Counter value: 10000000 Expected: 10000000
 times: real 0:02.91, user 11.53, sys 0.00
End 0 counter: 9970181
End 1 counter: 9979584
End 2 counter: 9986061
End 3 counter: 10000000
Counter value: 10000000 Expected: 10000000
 times: real 0:02.88, user 11.52, sys 0.00
---

-- [array_lock] --
End 0 counter: 9970466
End 1 counter: 9974348
End 2 counter: 9999832
End 3 counter: 10000000
Counter value: 10000000 Expected: 10000000
 times: real 0:03.58, user 14.29, sys 0.00
End 0 counter: 9970517
End 1 counter: 9973684
End 2 counter: 10000000
End 3 counter: 9999915
Counter value: 10000000 Expected: 10000000
 times: real 0:03.41, user 13.60, sys 0.00
End 0 counter: 9984159
End 1 counter: 9987345
End 2 counter: 10000000
End 3 counter: 9999991
Counter value: 10000000 Expected: 10000000
 times: real 0:03.57, user 14.26, sys 0.00
End 0 counter: 9970645
End 1 counter: 9973691
End 2 counter: 10000000
End 3 counter: 9999846
Counter value: 10000000 Expected: 10000000
 times: real 0:03.46, user 13.82, sys 0.00
---

-- [mcs_spinlock] --
End 0 counter: 9986650
End 1 counter: 9989858
End 2 counter: 9999994
End 3 counter: 10000000
Counter value: 10000000 Expected: 10000000
 times: real 0:02.70, user 10.79, sys 0.00
End 0 counter: 9973615
End 1 counter: 9976990
End 2 counter: 9999972
End 3 counter: 10000000
Counter value: 10000000 Expected: 10000000
 times: real 0:02.82, user 11.25, sys 0.00
End 0 counter: 9991921
End 1 counter: 9995550
End 2 counter: 9999998
End 3 counter: 10000000
Counter value: 10000000 Expected: 10000000
 times: real 0:02.32, user 9.27, sys 0.00
End 0 counter: 9988501
End 1 counter: 9991630
End 2 counter: 10000000
End 3 counter: 9999962
Counter value: 10000000 Expected: 10000000
 times: real 0:02.94, user 11.75, sys 0.00
---

-- [clh_spinlock] --
End 0 counter: 9985600
End 1 counter: 9988909
End 2 counter: 10000000
End 3 counter: 9999846
Counter value: 10000000 Expected: 10000000
 times: real 0:02.95, user 11.78, sys 0.00
End 0 counter: 9978203
End 1 counter: 9999832
End 3 counter: 9999982
End 2 counter: 10000000
Counter value: 10000000 Expected: 10000000
 times: real 0:02.73, user 10.94, sys 0.00
End 0 counter: 9976754
End 1 counter: 9980226
End 2 counter: 9999920
End 3 counter: 10000000
Counter value: 10000000 Expected: 10000000
 times: real 0:03.09, user 12.34, sys 0.00
End 0 counter: 9963031
End 2 counter: 9976792
End 1 counter: 9998634
End 3 counter: 10000000
Counter value: 10000000 Expected: 10000000
 times: real 0:03.39, user 13.53, sys 0.00
---
