processor	: 0
vendor_id	: GenuineIntel
cpu family	: 6
model		: 45
model name	: Intel(R) Xeon(R) CPU E5-2620 0 @ 2.00GHz
stepping	: 7
cpu MHz		: 1200.000
cache size	: 15360 KB
physical id	: 0
siblings	: 6
core id		: 0
cpu cores	: 6
apicid		: 0
initial apicid	: 0
fpu		: yes
fpu_exception	: yes
cpuid level	: 13
wp		: yes
flags		: fpu vme de pse tsc msr pae mce cx8 apic sep mtrr pge mca cmov pat pse36 clflush dts acpi mmx fxsr sse sse2 ss ht tm pbe syscall nx pdpe1gb rdtscp lm constant_tsc arch_perfmon pebs bts rep_good xtopology nonstop_tsc aperfmperf pni pclmulqdq dtes64 monitor ds_cpl vmx smx est tm2 ssse3 cx16 xtpr pdcm pcid dca sse4_1 sse4_2 x2apic popcnt tsc_deadline_timer aes xsave avx lahf_lm ida arat epb xsaveopt pln pts dts tpr_shadow vnmi flexpriority ept vpid
bogomips	: 3990.47
clflush size	: 64
cache_alignment	: 64
address sizes	: 46 bits physical, 48 bits virtual
power management:

processor	: 1
vendor_id	: GenuineIntel
cpu family	: 6
model		: 45
model name	: Intel(R) Xeon(R) CPU E5-2620 0 @ 2.00GHz
stepping	: 7
cpu MHz		: 1200.000
cache size	: 15360 KB
physical id	: 0
siblings	: 6
core id		: 1
cpu cores	: 6
apicid		: 2
initial apicid	: 2
fpu		: yes
fpu_exception	: yes
cpuid level	: 13
wp		: yes
flags		: fpu vme de pse tsc msr pae mce cx8 apic sep mtrr pge mca cmov pat pse36 clflush dts acpi mmx fxsr sse sse2 ss ht tm pbe syscall nx pdpe1gb rdtscp lm constant_tsc arch_perfmon pebs bts rep_good xtopology nonstop_tsc aperfmperf pni pclmulqdq dtes64 monitor ds_cpl vmx smx est tm2 ssse3 cx16 xtpr pdcm pcid dca sse4_1 sse4_2 x2apic popcnt tsc_deadline_timer aes xsave avx lahf_lm ida arat epb xsaveopt pln pts dts tpr_shadow vnmi flexpriority ept vpid
bogomips	: 3990.47
clflush size	: 64
cache_alignment	: 64
address sizes	: 46 bits physical, 48 bits virtual
power management:

processor	: 2
vendor_id	: GenuineIntel
cpu family	: 6
model		: 45
model name	: Intel(R) Xeon(R) CPU E5-2620 0 @ 2.00GHz
stepping	: 7
cpu MHz		: 1200.000
cache size	: 15360 KB
physical id	: 0
siblings	: 6
core id		: 2
cpu cores	: 6
apicid		: 4
initial apicid	: 4
fpu		: yes
fpu_exception	: yes
cpuid level	: 13
wp		: yes
flags		: fpu vme de pse tsc msr pae mce cx8 apic sep mtrr pge mca cmov pat pse36 clflush dts acpi mmx fxsr sse sse2 ss ht tm pbe syscall nx pdpe1gb rdtscp lm constant_tsc arch_perfmon pebs bts rep_good xtopology nonstop_tsc aperfmperf pni pclmulqdq dtes64 monitor ds_cpl vmx smx est tm2 ssse3 cx16 xtpr pdcm pcid dca sse4_1 sse4_2 x2apic popcnt tsc_deadline_timer aes xsave avx lahf_lm ida arat epb xsaveopt pln pts dts tpr_shadow vnmi flexpriority ept vpid
bogomips	: 3990.47
clflush size	: 64
cache_alignment	: 64
address sizes	: 46 bits physical, 48 bits virtual
power management:

processor	: 3
vendor_id	: GenuineIntel
cpu family	: 6
model		: 45
model name	: Intel(R) Xeon(R) CPU E5-2620 0 @ 2.00GHz
stepping	: 7
cpu MHz		: 1200.000
cache size	: 15360 KB
physical id	: 0
siblings	: 6
core id		: 3
cpu cores	: 6
apicid		: 6
initial apicid	: 6
fpu		: yes
fpu_exception	: yes
cpuid level	: 13
wp		: yes
flags		: fpu vme de pse tsc msr pae mce cx8 apic sep mtrr pge mca cmov pat pse36 clflush dts acpi mmx fxsr sse sse2 ss ht tm pbe syscall nx pdpe1gb rdtscp lm constant_tsc arch_perfmon pebs bts rep_good xtopology nonstop_tsc aperfmperf pni pclmulqdq dtes64 monitor ds_cpl vmx smx est tm2 ssse3 cx16 xtpr pdcm pcid dca sse4_1 sse4_2 x2apic popcnt tsc_deadline_timer aes xsave avx lahf_lm ida arat epb xsaveopt pln pts dts tpr_shadow vnmi flexpriority ept vpid
bogomips	: 3990.47
clflush size	: 64
cache_alignment	: 64
address sizes	: 46 bits physical, 48 bits virtual
power management:

processor	: 4
vendor_id	: GenuineIntel
cpu family	: 6
model		: 45
model name	: Intel(R) Xeon(R) CPU E5-2620 0 @ 2.00GHz
stepping	: 7
cpu MHz		: 1200.000
cache size	: 15360 KB
physical id	: 0
siblings	: 6
core id		: 4
cpu cores	: 6
apicid		: 8
initial apicid	: 8
fpu		: yes
fpu_exception	: yes
cpuid level	: 13
wp		: yes
flags		: fpu vme de pse tsc msr pae mce cx8 apic sep mtrr pge mca cmov pat pse36 clflush dts acpi mmx fxsr sse sse2 ss ht tm pbe syscall nx pdpe1gb rdtscp lm constant_tsc arch_perfmon pebs bts rep_good xtopology nonstop_tsc aperfmperf pni pclmulqdq dtes64 monitor ds_cpl vmx smx est tm2 ssse3 cx16 xtpr pdcm pcid dca sse4_1 sse4_2 x2apic popcnt tsc_deadline_timer aes xsave avx lahf_lm ida arat epb xsaveopt pln pts dts tpr_shadow vnmi flexpriority ept vpid
bogomips	: 3990.47
clflush size	: 64
cache_alignment	: 64
address sizes	: 46 bits physical, 48 bits virtual
power management:

processor	: 5
vendor_id	: GenuineIntel
cpu family	: 6
model		: 45
model name	: Intel(R) Xeon(R) CPU E5-2620 0 @ 2.00GHz
stepping	: 7
cpu MHz		: 1200.000
cache size	: 15360 KB
physical id	: 0
siblings	: 6
core id		: 5
cpu cores	: 6
apicid		: 10
initial apicid	: 10
fpu		: yes
fpu_exception	: yes
cpuid level	: 13
wp		: yes
flags		: fpu vme de pse tsc msr pae mce cx8 apic sep mtrr pge mca cmov pat pse36 clflush dts acpi mmx fxsr sse sse2 ss ht tm pbe syscall nx pdpe1gb rdtscp lm constant_tsc arch_perfmon pebs bts rep_good xtopology nonstop_tsc aperfmperf pni pclmulqdq dtes64 monitor ds_cpl vmx smx est tm2 ssse3 cx16 xtpr pdcm pcid dca sse4_1 sse4_2 x2apic popcnt tsc_deadline_timer aes xsave avx lahf_lm ida arat epb xsaveopt pln pts dts tpr_shadow vnmi flexpriority ept vpid
bogomips	: 3990.47
clflush size	: 64
cache_alignment	: 64
address sizes	: 46 bits physical, 48 bits virtual
power management:

processor	: 6
vendor_id	: GenuineIntel
cpu family	: 6
model		: 45
model name	: Intel(R) Xeon(R) CPU E5-2620 0 @ 2.00GHz
stepping	: 7
cpu MHz		: 1200.000
cache size	: 15360 KB
physical id	: 1
siblings	: 6
core id		: 0
cpu cores	: 6
apicid		: 32
initial apicid	: 32
fpu		: yes
fpu_exception	: yes
cpuid level	: 13
wp		: yes
flags		: fpu vme de pse tsc msr pae mce cx8 apic sep mtrr pge mca cmov pat pse36 clflush dts acpi mmx fxsr sse sse2 ss ht tm pbe syscall nx pdpe1gb rdtscp lm constant_tsc arch_perfmon pebs bts rep_good xtopology nonstop_tsc aperfmperf pni pclmulqdq dtes64 monitor ds_cpl vmx smx est tm2 ssse3 cx16 xtpr pdcm pcid dca sse4_1 sse4_2 x2apic popcnt tsc_deadline_timer aes xsave avx lahf_lm ida arat epb xsaveopt pln pts dts tpr_shadow vnmi flexpriority ept vpid
bogomips	: 3989.84
clflush size	: 64
cache_alignment	: 64
address sizes	: 46 bits physical, 48 bits virtual
power management:

processor	: 7
vendor_id	: GenuineIntel
cpu family	: 6
model		: 45
model name	: Intel(R) Xeon(R) CPU E5-2620 0 @ 2.00GHz
stepping	: 7
cpu MHz		: 1200.000
cache size	: 15360 KB
physical id	: 1
siblings	: 6
core id		: 1
cpu cores	: 6
apicid		: 34
initial apicid	: 34
fpu		: yes
fpu_exception	: yes
cpuid level	: 13
wp		: yes
flags		: fpu vme de pse tsc msr pae mce cx8 apic sep mtrr pge mca cmov pat pse36 clflush dts acpi mmx fxsr sse sse2 ss ht tm pbe syscall nx pdpe1gb rdtscp lm constant_tsc arch_perfmon pebs bts rep_good xtopology nonstop_tsc aperfmperf pni pclmulqdq dtes64 monitor ds_cpl vmx smx est tm2 ssse3 cx16 xtpr pdcm pcid dca sse4_1 sse4_2 x2apic popcnt tsc_deadline_timer aes xsave avx lahf_lm ida arat epb xsaveopt pln pts dts tpr_shadow vnmi flexpriority ept vpid
bogomips	: 3989.84
clflush size	: 64
cache_alignment	: 64
address sizes	: 46 bits physical, 48 bits virtual
power management:

processor	: 8
vendor_id	: GenuineIntel
cpu family	: 6
model		: 45
model name	: Intel(R) Xeon(R) CPU E5-2620 0 @ 2.00GHz
stepping	: 7
cpu MHz		: 1200.000
cache size	: 15360 KB
physical id	: 1
siblings	: 6
core id		: 2
cpu cores	: 6
apicid		: 36
initial apicid	: 36
fpu		: yes
fpu_exception	: yes
cpuid level	: 13
wp		: yes
flags		: fpu vme de pse tsc msr pae mce cx8 apic sep mtrr pge mca cmov pat pse36 clflush dts acpi mmx fxsr sse sse2 ss ht tm pbe syscall nx pdpe1gb rdtscp lm constant_tsc arch_perfmon pebs bts rep_good xtopology nonstop_tsc aperfmperf pni pclmulqdq dtes64 monitor ds_cpl vmx smx est tm2 ssse3 cx16 xtpr pdcm pcid dca sse4_1 sse4_2 x2apic popcnt tsc_deadline_timer aes xsave avx lahf_lm ida arat epb xsaveopt pln pts dts tpr_shadow vnmi flexpriority ept vpid
bogomips	: 3989.84
clflush size	: 64
cache_alignment	: 64
address sizes	: 46 bits physical, 48 bits virtual
power management:

processor	: 9
vendor_id	: GenuineIntel
cpu family	: 6
model		: 45
model name	: Intel(R) Xeon(R) CPU E5-2620 0 @ 2.00GHz
stepping	: 7
cpu MHz		: 1200.000
cache size	: 15360 KB
physical id	: 1
siblings	: 6
core id		: 3
cpu cores	: 6
apicid		: 38
initial apicid	: 38
fpu		: yes
fpu_exception	: yes
cpuid level	: 13
wp		: yes
flags		: fpu vme de pse tsc msr pae mce cx8 apic sep mtrr pge mca cmov pat pse36 clflush dts acpi mmx fxsr sse sse2 ss ht tm pbe syscall nx pdpe1gb rdtscp lm constant_tsc arch_perfmon pebs bts rep_good xtopology nonstop_tsc aperfmperf pni pclmulqdq dtes64 monitor ds_cpl vmx smx est tm2 ssse3 cx16 xtpr pdcm pcid dca sse4_1 sse4_2 x2apic popcnt tsc_deadline_timer aes xsave avx lahf_lm ida arat epb xsaveopt pln pts dts tpr_shadow vnmi flexpriority ept vpid
bogomips	: 3989.84
clflush size	: 64
cache_alignment	: 64
address sizes	: 46 bits physical, 48 bits virtual
power management:

processor	: 10
vendor_id	: GenuineIntel
cpu family	: 6
model		: 45
model name	: Intel(R) Xeon(R) CPU E5-2620 0 @ 2.00GHz
stepping	: 7
cpu MHz		: 1200.000
cache size	: 15360 KB
physical id	: 1
siblings	: 6
core id		: 4
cpu cores	: 6
apicid		: 40
initial apicid	: 40
fpu		: yes
fpu_exception	: yes
cpuid level	: 13
wp		: yes
flags		: fpu vme de pse tsc msr pae mce cx8 apic sep mtrr pge mca cmov pat pse36 clflush dts acpi mmx fxsr sse sse2 ss ht tm pbe syscall nx pdpe1gb rdtscp lm constant_tsc arch_perfmon pebs bts rep_good xtopology nonstop_tsc aperfmperf pni pclmulqdq dtes64 monitor ds_cpl vmx smx est tm2 ssse3 cx16 xtpr pdcm pcid dca sse4_1 sse4_2 x2apic popcnt tsc_deadline_timer aes xsave avx lahf_lm ida arat epb xsaveopt pln pts dts tpr_shadow vnmi flexpriority ept vpid
bogomips	: 3989.84
clflush size	: 64
cache_alignment	: 64
address sizes	: 46 bits physical, 48 bits virtual
power management:

processor	: 11
vendor_id	: GenuineIntel
cpu family	: 6
model		: 45
model name	: Intel(R) Xeon(R) CPU E5-2620 0 @ 2.00GHz
stepping	: 7
cpu MHz		: 1200.000
cache size	: 15360 KB
physical id	: 1
siblings	: 6
core id		: 5
cpu cores	: 6
apicid		: 42
initial apicid	: 42
fpu		: yes
fpu_exception	: yes
cpuid level	: 13
wp		: yes
flags		: fpu vme de pse tsc msr pae mce cx8 apic sep mtrr pge mca cmov pat pse36 clflush dts acpi mmx fxsr sse sse2 ss ht tm pbe syscall nx pdpe1gb rdtscp lm constant_tsc arch_perfmon pebs bts rep_good xtopology nonstop_tsc aperfmperf pni pclmulqdq dtes64 monitor ds_cpl vmx smx est tm2 ssse3 cx16 xtpr pdcm pcid dca sse4_1 sse4_2 x2apic popcnt tsc_deadline_timer aes xsave avx lahf_lm ida arat epb xsaveopt pln pts dts tpr_shadow vnmi flexpriority ept vpid
bogomips	: 3989.84
clflush size	: 64
cache_alignment	: 64
address sizes	: 46 bits physical, 48 bits virtual
power management:

-----------

-- [simple_spinlock] --
End 7 counter: 2456751
End 2 counter: 3633427
End 5 counter: 4219379
End 0 counter: 5304127
End 1 counter: 7710562
End 6 counter: 8282736
End 4 counter: 9045440
End 3 counter: 10000000
Counter value: 10000000 Expected: 10000000
 times: real 0:01.50, user 8.86, sys 0.00
End 1 counter: 2582492
End 2 counter: 3257277
End 5 counter: 4473579
End 7 counter: 5446107
End 0 counter: 6304001
End 3 counter: 7671316
End 4 counter: 8918854
End 6 counter: 10000000
Counter value: 10000000 Expected: 10000000
 times: real 0:01.73, user 9.52, sys 0.00
End 2 counter: 2970359
End 7 counter: 3602602
End 5 counter: 3859545
End 1 counter: 6094908
End 0 counter: 6390199
End 4 counter: 8082340
End 3 counter: 9329443
End 6 counter: 10000000
Counter value: 10000000 Expected: 10000000
 times: real 0:01.69, user 9.45, sys 0.00
End 7 counter: 2863711
End 5 counter: 3705310
End 2 counter: 4246985
End 0 counter: 6157897
End 1 counter: 6891654
End 3 counter: 8608815
End 6 counter: 8787853
End 4 counter: 10000000
Counter value: 10000000 Expected: 10000000
 times: real 0:01.58, user 9.34, sys 0.00
---

-- [ticket_lock] --
End 0 counter: 9998995
End 1 counter: 9999485
End 2 counter: 9999618
End 3 counter: 9999720
End 4 counter: 9999760
End 6 counter: 9999779
End 5 counter: 9999862
End 7 counter: 10000000
Counter value: 10000000 Expected: 10000000
 times: real 0:02.92, user 23.31, sys 0.00
End 0 counter: 9997096
End 1 counter: 9999080
End 3 counter: 9999467
End 4 counter: 9999513
End 5 counter: 9999557
End 6 counter: 9999560
End 7 counter: 9999965
End 2 counter: 10000000
Counter value: 10000000 Expected: 10000000
 times: real 0:03.15, user 25.17, sys 0.00
End 1 counter: 9998880
End 3 counter: 9999493
End 0 counter: 9999523
End 4 counter: 9999661
End 6 counter: 9999728
End 5 counter: 9999743
End 2 counter: 9999992
End 7 counter: 10000000
Counter value: 10000000 Expected: 10000000
 times: real 0:03.23, user 25.82, sys 0.00
End 0 counter: 9998323
End 1 counter: 9999553
End 3 counter: 9999592
End 6 counter: 9999691
End 4 counter: 9999704
End 5 counter: 9999798
End 2 counter: 9999993
End 7 counter: 10000000
Counter value: 10000000 Expected: 10000000
 times: real 0:02.93, user 23.42, sys 0.00
---

-- [array_lock] --
End 0 counter: 9998403
End 1 counter: 9999624
End 2 counter: 9999843
End 3 counter: 9999908
End 4 counter: 9999969
End 5 counter: 9999984
End 6 counter: 9999998
End 7 counter: 10000000
Counter value: 10000000 Expected: 10000000
 times: real 0:03.62, user 28.94, sys 0.00
End 0 counter: 9997082
End 2 counter: 9999790
End 1 counter: 9999846
End 3 counter: 9999964
End 4 counter: 9999970
End 5 counter: 9999975
End 7 counter: 9999999
End 6 counter: 10000000
Counter value: 10000000 Expected: 10000000
 times: real 0:03.61, user 28.89, sys 0.00
End 0 counter: 9996984
End 1 counter: 9999617
End 2 counter: 9999849
End 3 counter: 9999893
End 4 counter: 9999958
End 5 counter: 9999979
End 6 counter: 9999995
End 7 counter: 10000000
Counter value: 10000000 Expected: 10000000
 times: real 0:03.55, user 28.37, sys 0.00
End 0 counter: 9997785
End 1 counter: 9999707
End 2 counter: 9999835
End 3 counter: 9999896
End 4 counter: 9999950
End 5 counter: 9999977
End 6 counter: 9999997
End 7 counter: 10000000
Counter value: 10000000 Expected: 10000000
 times: real 0:03.62, user 28.98, sys 0.00
---

-- [mcs_spinlock] --
End 0 counter: 9993405
End 1 counter: 9999586
End 2 counter: 9999842
End 3 counter: 9999899
End 4 counter: 9999959
End 6 counter: 9999980
End 7 counter: 10000000
End 5 counter: 9999983
Counter value: 10000000 Expected: 10000000
 times: real 0:03.51, user 28.04, sys 0.00
End 0 counter: 9996606
End 1 counter: 9999683
End 2 counter: 9999848
End 3 counter: 9999931
End 4 counter: 9999976
End 5 counter: 9999981
End 6 counter: 9999996
End 7 counter: 10000000
Counter value: 10000000 Expected: 10000000
 times: real 0:03.42, user 27.36, sys 0.00
End 0 counter: 9997385
End 1 counter: 9999754
End 2 counter: 9999828
End 3 counter: 9999947
End 4 counter: 9999965
End 5 counter: 9999993
End 6 counter: 9999998
End 7 counter: 10000000
Counter value: 10000000 Expected: 10000000
 times: real 0:03.25, user 26.00, sys 0.00
End 0 counter: 9997959
End 1 counter: 9999739
End 2 counter: 9999852
End 3 counter: 9999900
End 4 counter: 9999970
End 5 counter: 9999981
End 6 counter: 9999996
End 7 counter: 10000000
Counter value: 10000000 Expected: 10000000
 times: real 0:03.55, user 28.37, sys 0.00
---

-- [clh_spinlock] --
End 0 counter: 9991263
End 1 counter: 9995467
End 3 counter: 9997773
End 6 counter: 9997967
End 7 counter: 9998227
End 2 counter: 9999213
End 4 counter: 9999987
End 5 counter: 10000000
Counter value: 10000000 Expected: 10000000
 times: real 0:03.69, user 29.48, sys 0.00
End 0 counter: 9994900
End 1 counter: 9996988
End 3 counter: 9997087
End 4 counter: 9997817
End 7 counter: 9998391
End 2 counter: 9999517
End 6 counter: 9999988
End 5 counter: 10000000
Counter value: 10000000 Expected: 10000000
 times: real 0:03.78, user 30.25, sys 0.00
End 0 counter: 9980209
End 1 counter: 9996841
End 2 counter: 9998193
End 3 counter: 9998294
End 4 counter: 9999502
End 7 counter: 10000000
End 5 counter: 9999970
End 6 counter: 9999954
Counter value: 10000000 Expected: 10000000
 times: real 0:03.73, user 29.79, sys 0.00
End 0 counter: 9991866
End 1 counter: 9997524
End 3 counter: 9997847
End 2 counter: 9998207
End 4 counter: 9999633
End 7 counter: 9999804
End 5 counter: 9999967
End 6 counter: 10000000
Counter value: 10000000 Expected: 10000000
 times: real 0:03.60, user 28.81, sys 0.00
---
